<?xml version="1.0" encoding="UTF-8"?>
<testsuite name="Ver al menos tres redes sociales" tests="4" skipped="0" failures="0" errors="0" timestamp="2021-12-31T15:38:07" hostname="22LAP5CD1346NJJ" time="52.403">
  <properties/>
  <testcase name="el usuario deberia  poder ver un icono de buisqueda para poder digitar" classname="Ver al menos tres redes sociales" time="11.389"/>
  <testcase name="el usuario deberia  poder encontrar articulos con la palabra buscada" classname="Ver al menos tres redes sociales" time="13.956"/>
  <testcase name="el usuario deberia  poder ver la categoria a la que pertenece los productos desplegados" classname="Ver al menos tres redes sociales" time="14.27"/>
  <testcase name="el usuario deberia poder ver que el producto que relaciono en la busqueda no existe" classname="Ver al menos tres redes sociales" time="12.771"/>
  <system-out><![CDATA[10:38:08.592 [Test worker] INFO net.serenitybdd.core.webdriver.driverproviders.ProvideNewDriver - Instantiating driver
10:38:08.593 [Test worker] INFO net.serenitybdd.core.webdriver.driverproviders.ProvideNewDriver - Driver capabilities: Capabilities {acceptInsecureCerts: false, acceptSslCerts: true, browserName: chrome, goog:chromeOptions: {args: [], extensions: []}, incognito: true, loggingPrefs: org.openqa.selenium.logging..., platform: ANY, version: }
10:38:12.951 [Test worker] DEBUG net.serenitybdd.core.photography.Darkroom - Opening darkroom
10:38:12.951 [Darkroom Processing Line] DEBUG net.serenitybdd.core.photography.DarkroomProcessingLine - Darkroom processing line starting up
10:38:13.083 [Test worker] DEBUG net.serenitybdd.core.photography.Darkroom - Send negative for processing for C:\Users\SoporteTI\Desktop\ENTREGAS\HU_5\target\site\serenity\0506a3a1dbbee2235fe47286b51a09f8232743f85c8d1caad92c55e9d4d990ac.png
10:38:16.111 [Test worker] DEBUG net.serenitybdd.core.photography.Darkroom - Send negative for processing for C:\Users\SoporteTI\Desktop\ENTREGAS\HU_5\target\site\serenity\f3e43df749f5f3d9941c52bb4fd27099a91c83669cfdffc086b69cc2e8900673.png
10:38:16.115 [Darkroom Processing Line] DEBUG net.serenitybdd.core.photography.DarkroomProcessingLine - Processing screenshot image in /var/screenshots/screenshot-6645620717733760484
10:38:16.116 [Darkroom Processing Line] DEBUG net.serenitybdd.core.photography.DarkroomProcessingLine - Saving screenshot to C:\Users\SoporteTI\Desktop\ENTREGAS\HU_5\target\site\serenity\f3e43df749f5f3d9941c52bb4fd27099a91c83669cfdffc086b69cc2e8900673.png
10:38:16.988 [Test worker] DEBUG net.serenitybdd.core.photography.Darkroom - Send negative for processing for C:\Users\SoporteTI\Desktop\ENTREGAS\HU_5\target\site\serenity\838d8290ae641f8a6dda292adc0bf9ecf0794cdd772bee19c30db3e1ba52d457.png
10:38:16.989 [Darkroom Processing Line] DEBUG net.serenitybdd.core.photography.DarkroomProcessingLine - Processing screenshot image in /var/screenshots/screenshot-5470700147444485205
10:38:16.989 [Darkroom Processing Line] DEBUG net.serenitybdd.core.photography.DarkroomProcessingLine - Saving screenshot to C:\Users\SoporteTI\Desktop\ENTREGAS\HU_5\target\site\serenity\838d8290ae641f8a6dda292adc0bf9ecf0794cdd772bee19c30db3e1ba52d457.png
10:38:19.334 [Test worker] INFO net.thucydides.core.steps.ConsoleLoggingListener - ?[92m
        __    _____ _____ ____ _____   ____   _    ____  ____  _____ ____  
  _     \ \  |_   _| ____/ ___|_   _| |  _ \ / \  / ___|/ ___|| ____|  _ \ 
 (_)_____| |   | | |  _| \___ \ | |   | |_) / _ \ \___ \\___ \|  _| | | | |
  _|_____| |   | | | |___ ___) || |   |  __/ ___ \ ___) |___) | |___| |_| |
 (_)     | |   |_| |_____|____/ |_|   |_| /_/   \_\____/|____/|_____|____/ 
        /_/                                                                

TEST PASSED: el usuario deberia  poder ver un icono de buisqueda para poder digitar
----------------------------------------------------------------------------?[0m
10:38:19.544 [Test worker] INFO net.serenitybdd.core.webdriver.driverproviders.ProvideNewDriver - Instantiating driver
10:38:19.544 [Test worker] INFO net.serenitybdd.core.webdriver.driverproviders.ProvideNewDriver - Driver capabilities: Capabilities {acceptInsecureCerts: false, acceptSslCerts: true, browserName: chrome, goog:chromeOptions: {args: [], extensions: []}, incognito: true, loggingPrefs: org.openqa.selenium.logging..., platform: ANY, version: }
10:38:24.126 [Test worker] DEBUG net.serenitybdd.core.photography.Darkroom - Send negative for processing for C:\Users\SoporteTI\Desktop\ENTREGAS\HU_5\target\site\serenity\0506a3a1dbbee2235fe47286b51a09f8232743f85c8d1caad92c55e9d4d990ac.png
10:38:30.224 [Test worker] DEBUG net.serenitybdd.core.photography.Darkroom - Send negative for processing for C:\Users\SoporteTI\Desktop\ENTREGAS\HU_5\target\site\serenity\90bdb89362733f00f163b161bcaf78dfec923b3d0081202653098489e38c2004.png
10:38:30.225 [Darkroom Processing Line] DEBUG net.serenitybdd.core.photography.DarkroomProcessingLine - Processing screenshot image in /var/screenshots/screenshot-5000504564277798751
10:38:30.225 [Darkroom Processing Line] DEBUG net.serenitybdd.core.photography.DarkroomProcessingLine - Saving screenshot to C:\Users\SoporteTI\Desktop\ENTREGAS\HU_5\target\site\serenity\90bdb89362733f00f163b161bcaf78dfec923b3d0081202653098489e38c2004.png
10:38:30.509 [Test worker] DEBUG net.serenitybdd.core.photography.Darkroom - Send negative for processing for C:\Users\SoporteTI\Desktop\ENTREGAS\HU_5\target\site\serenity\8314aefda8d969a0c45836724a92b665d4aa172ce57526fa2f02adaf3ece2ea6.png
10:38:33.295 [Test worker] INFO net.thucydides.core.steps.ConsoleLoggingListener - ?[92m
        __    _____ _____ ____ _____   ____   _    ____  ____  _____ ____  
  _     \ \  |_   _| ____/ ___|_   _| |  _ \ / \  / ___|/ ___|| ____|  _ \ 
 (_)_____| |   | | |  _| \___ \ | |   | |_) / _ \ \___ \\___ \|  _| | | | |
  _|_____| |   | | | |___ ___) || |   |  __/ ___ \ ___) |___) | |___| |_| |
 (_)     | |   |_| |_____|____/ |_|   |_| /_/   \_\____/|____/|_____|____/ 
        /_/                                                                

TEST PASSED: el usuario deberia  poder encontrar articulos con la palabra buscada
----------------------------------------------------------------------------?[0m
10:38:33.533 [Test worker] INFO net.serenitybdd.core.webdriver.driverproviders.ProvideNewDriver - Instantiating driver
10:38:33.533 [Test worker] INFO net.serenitybdd.core.webdriver.driverproviders.ProvideNewDriver - Driver capabilities: Capabilities {acceptInsecureCerts: false, acceptSslCerts: true, browserName: chrome, goog:chromeOptions: {args: [], extensions: []}, incognito: true, loggingPrefs: org.openqa.selenium.logging..., platform: ANY, version: }
10:38:38.038 [Test worker] DEBUG net.serenitybdd.core.photography.Darkroom - Send negative for processing for C:\Users\SoporteTI\Desktop\ENTREGAS\HU_5\target\site\serenity\0506a3a1dbbee2235fe47286b51a09f8232743f85c8d1caad92c55e9d4d990ac.png
10:38:43.703 [Test worker] DEBUG net.serenitybdd.core.photography.Darkroom - Send negative for processing for C:\Users\SoporteTI\Desktop\ENTREGAS\HU_5\target\site\serenity\4dd4aa5ce9458af8454306cc987d8d020d95c83a4a3c0336e292877410d4c3ad.png
10:38:43.704 [Darkroom Processing Line] DEBUG net.serenitybdd.core.photography.DarkroomProcessingLine - Processing screenshot image in /var/screenshots/screenshot-9012211635737699640
10:38:43.704 [Darkroom Processing Line] DEBUG net.serenitybdd.core.photography.DarkroomProcessingLine - Saving screenshot to C:\Users\SoporteTI\Desktop\ENTREGAS\HU_5\target\site\serenity\4dd4aa5ce9458af8454306cc987d8d020d95c83a4a3c0336e292877410d4c3ad.png
LAPTOPS
10:38:44.603 [Test worker] DEBUG net.serenitybdd.core.photography.Darkroom - Send negative for processing for C:\Users\SoporteTI\Desktop\ENTREGAS\HU_5\target\site\serenity\bdaf674d59beca9cc652b59a329e10ed6db3bec9b30685a232482e131e3e6225.png
10:38:44.606 [Darkroom Processing Line] DEBUG net.serenitybdd.core.photography.DarkroomProcessingLine - Processing screenshot image in /var/screenshots/screenshot-9058485594474609416
10:38:44.606 [Darkroom Processing Line] DEBUG net.serenitybdd.core.photography.DarkroomProcessingLine - Saving screenshot to C:\Users\SoporteTI\Desktop\ENTREGAS\HU_5\target\site\serenity\bdaf674d59beca9cc652b59a329e10ed6db3bec9b30685a232482e131e3e6225.png
10:38:47.574 [Test worker] INFO net.thucydides.core.steps.ConsoleLoggingListener - ?[92m
        __    _____ _____ ____ _____   ____   _    ____  ____  _____ ____  
  _     \ \  |_   _| ____/ ___|_   _| |  _ \ / \  / ___|/ ___|| ____|  _ \ 
 (_)_____| |   | | |  _| \___ \ | |   | |_) / _ \ \___ \\___ \|  _| | | | |
  _|_____| |   | | | |___ ___) || |   |  __/ ___ \ ___) |___) | |___| |_| |
 (_)     | |   |_| |_____|____/ |_|   |_| /_/   \_\____/|____/|_____|____/ 
        /_/                                                                

TEST PASSED: el usuario deberia  poder ver la categoria a la que pertenece los productos desplegados
----------------------------------------------------------------------------?[0m
10:38:47.793 [Test worker] INFO net.serenitybdd.core.webdriver.driverproviders.ProvideNewDriver - Instantiating driver
10:38:47.794 [Test worker] INFO net.serenitybdd.core.webdriver.driverproviders.ProvideNewDriver - Driver capabilities: Capabilities {acceptInsecureCerts: false, acceptSslCerts: true, browserName: chrome, goog:chromeOptions: {args: [], extensions: []}, incognito: true, loggingPrefs: org.openqa.selenium.logging..., platform: ANY, version: }
10:38:52.214 [Test worker] DEBUG net.serenitybdd.core.photography.Darkroom - Send negative for processing for C:\Users\SoporteTI\Desktop\ENTREGAS\HU_5\target\site\serenity\0506a3a1dbbee2235fe47286b51a09f8232743f85c8d1caad92c55e9d4d990ac.png
No results for "mm"*******************************************************
10:38:57.103 [Test worker] DEBUG net.serenitybdd.core.photography.Darkroom - Send negative for processing for C:\Users\SoporteTI\Desktop\ENTREGAS\HU_5\target\site\serenity\55e6e539fe09e2a84260a478a32727aeb1f9616310e7f207599362a980c935a4.png
10:38:57.338 [Test worker] DEBUG net.serenitybdd.core.photography.Darkroom - Send negative for processing for C:\Users\SoporteTI\Desktop\ENTREGAS\HU_5\target\site\serenity\835429d6f26dac962ac015cbc4b2398fff187cfe53689d8bc1c92e497a513139.png
10:38:57.340 [Darkroom Processing Line] DEBUG net.serenitybdd.core.photography.DarkroomProcessingLine - Processing screenshot image in /var/screenshots/screenshot-6795225400500904487
10:38:57.340 [Darkroom Processing Line] DEBUG net.serenitybdd.core.photography.DarkroomProcessingLine - Saving screenshot to C:\Users\SoporteTI\Desktop\ENTREGAS\HU_5\target\site\serenity\835429d6f26dac962ac015cbc4b2398fff187cfe53689d8bc1c92e497a513139.png
10:39:00.349 [Test worker] INFO net.thucydides.core.steps.ConsoleLoggingListener - ?[92m
        __    _____ _____ ____ _____   ____   _    ____  ____  _____ ____  
  _     \ \  |_   _| ____/ ___|_   _| |  _ \ / \  / ___|/ ___|| ____|  _ \ 
 (_)_____| |   | | |  _| \___ \ | |   | |_) / _ \ \___ \\___ \|  _| | | | |
  _|_____| |   | | | |___ ___) || |   |  __/ ___ \ ___) |___) | |___| |_| |
 (_)     | |   |_| |_____|____/ |_|   |_| /_/   \_\____/|____/|_____|____/ 
        /_/                                                                

TEST PASSED: el usuario deberia poder ver que el producto que relaciono en la busqueda no existe
----------------------------------------------------------------------------?[0m
]]></system-out>
  <system-err><![CDATA[dic 31, 2021 10:38:08 AM org.openqa.selenium.remote.DesiredCapabilities chrome
INFORMACIÓN: Using `new ChromeOptions()` is preferred to `DesiredCapabilities.chrome()`
Starting ChromeDriver 96.0.4664.45 (76e4c1bb2ab4671b8beba3444e61c0f17584b2fc-refs/branch-heads/4664@{#947}) on port 6432
Only local connections are allowed.
Please see https://chromedriver.chromium.org/security-considerations for suggestions on keeping ChromeDriver safe.
ChromeDriver was started successfully.
dic 31, 2021 10:38:11 AM org.openqa.selenium.remote.ProtocolHandshake createSession
INFORMACIÓN: Detected dialect: W3C
dic 31, 2021 10:38:19 AM org.openqa.selenium.remote.DesiredCapabilities chrome
INFORMACIÓN: Using `new ChromeOptions()` is preferred to `DesiredCapabilities.chrome()`
Starting ChromeDriver 96.0.4664.45 (76e4c1bb2ab4671b8beba3444e61c0f17584b2fc-refs/branch-heads/4664@{#947}) on port 39405
Only local connections are allowed.
Please see https://chromedriver.chromium.org/security-considerations for suggestions on keeping ChromeDriver safe.
ChromeDriver was started successfully.
dic 31, 2021 10:38:22 AM org.openqa.selenium.remote.ProtocolHandshake createSession
INFORMACIÓN: Detected dialect: W3C
dic 31, 2021 10:38:33 AM org.openqa.selenium.remote.DesiredCapabilities chrome
INFORMACIÓN: Using `new ChromeOptions()` is preferred to `DesiredCapabilities.chrome()`
Starting ChromeDriver 96.0.4664.45 (76e4c1bb2ab4671b8beba3444e61c0f17584b2fc-refs/branch-heads/4664@{#947}) on port 33792
Only local connections are allowed.
Please see https://chromedriver.chromium.org/security-considerations for suggestions on keeping ChromeDriver safe.
ChromeDriver was started successfully.
dic 31, 2021 10:38:36 AM org.openqa.selenium.remote.ProtocolHandshake createSession
INFORMACIÓN: Detected dialect: W3C
dic 31, 2021 10:38:47 AM org.openqa.selenium.remote.DesiredCapabilities chrome
INFORMACIÓN: Using `new ChromeOptions()` is preferred to `DesiredCapabilities.chrome()`
Starting ChromeDriver 96.0.4664.45 (76e4c1bb2ab4671b8beba3444e61c0f17584b2fc-refs/branch-heads/4664@{#947}) on port 46940
Only local connections are allowed.
Please see https://chromedriver.chromium.org/security-considerations for suggestions on keeping ChromeDriver safe.
ChromeDriver was started successfully.
dic 31, 2021 10:38:50 AM org.openqa.selenium.remote.ProtocolHandshake createSession
INFORMACIÓN: Detected dialect: W3C
]]></system-err>
</testsuite>
